{"/Users/sabeel.khan/Documents/scaler/FullStack-April-26-Evening/React/Class-12/react-test-demo/src/utils/math.js": {"path":"/Users/sabeel.khan/Documents/scaler/FullStack-April-26-Evening/React/Class-12/react-test-demo/src/utils/math.js","statementMap":{"0":{"start":{"line":1,"column":13},"end":{"line":3,"column":null}},"1":{"start":{"line":2,"column":4},"end":{"line":2,"column":null}},"2":{"start":{"line":5,"column":13},"end":{"line":10,"column":null}},"3":{"start":{"line":6,"column":4},"end":{"line":8,"column":null}},"4":{"start":{"line":7,"column":8},"end":{"line":7,"column":null}},"5":{"start":{"line":9,"column":4},"end":{"line":9,"column":null}}},"fnMap":{"0":{"name":"(anonymous_0)","decl":{"start":{"line":1,"column":13},"end":{"line":1,"column":20}},"loc":{"start":{"line":1,"column":28},"end":{"line":3,"column":null}},"line":1},"1":{"name":"(anonymous_1)","decl":{"start":{"line":5,"column":13},"end":{"line":5,"column":23}},"loc":{"start":{"line":5,"column":31},"end":{"line":10,"column":null}},"line":5}},"branchMap":{"0":{"loc":{"start":{"line":6,"column":4},"end":{"line":8,"column":null}},"type":"if","locations":[{"start":{"line":6,"column":4},"end":{"line":8,"column":null}},{"start":{},"end":{}}],"line":6}},"s":{"0":1,"1":2,"2":1,"3":2,"4":1,"5":1},"f":{"0":2,"1":2},"b":{"0":[1,1]},"meta":{"lastBranch":1,"lastFunction":2,"lastStatement":6,"seen":{"s:1:13:3:Infinity":0,"f:1:13:1:20":0,"s:2:4:2:Infinity":1,"s:5:13:10:Infinity":2,"f:5:13:5:23":1,"b:6:4:8:Infinity:undefined:undefined:undefined:undefined":0,"s:6:4:8:Infinity":3,"s:7:8:7:Infinity":4,"s:9:4:9:Infinity":5},"fnNames":{}}}
}
